<?xml version="1.0" encoding="UTF-8"?>
<!-- Generated by org.testng.reporters.JUnitXMLReporter -->
<testsuite ignored="0" hostname="LAPTOP-2G1PUQ2S" failures="0" tests="3" name="Nominus Test Cases" time="51.515" errors="0" timestamp="2020-06-30T22:12:33 IST">
  <testcase classname="com.beta.qa.testcases.LoginPageTest" name="loginPageTitleTest" time="0.014"/>
  <testcase classname="com.beta.qa.testcases.LoginPageTest" name="NominusLogoTest" time="0.115"/>
  <testcase classname="com.beta.qa.testcases.LoginPageTest" name="loginTest" time="5.728"/>
</testsuite> <!-- Nominus Test Cases -->
