<?xml version="1.0" encoding="UTF-8"?>
<!-- Generated by org.testng.reporters.JUnitXMLReporter -->
<testsuite ignored="0" hostname="LAPTOP-2G1PUQ2S" failures="0" tests="3" name="Default test" time="80.063" errors="0" timestamp="2020-07-01T18:14:01 IST">
  <testcase classname="com.beta.qa.testcases.LoginPageTest" name="loginPageTitleTest" time="0.037"/>
  <testcase classname="com.beta.qa.testcases.LoginPageTest" name="NominusLogoTest" time="0.112"/>
  <testcase classname="com.beta.qa.testcases.LoginPageTest" name="loginTest" time="9.002"/>
</testsuite> <!-- Default test -->
