<?xml version="1.0" encoding="UTF-8"?>
<testng-results ignored="0" total="3" passed="3" failed="0" skipped="0">
  <reporter-output>
  </reporter-output>
  <suite started-at="2020-07-01T18:12:41 IST" name="Default suite" finished-at="2020-07-01T18:14:01 IST" duration-ms="80063">
    <groups>
    </groups>
    <test started-at="2020-07-01T18:12:41 IST" name="Default test" finished-at="2020-07-01T18:14:01 IST" duration-ms="80063">
      <class name="com.beta.qa.testcases.LoginPageTest">
        <test-method is-config="true" signature="setup()[pri:0, instance:com.beta.qa.testcases.LoginPageTest@47542153]" started-at="2020-07-01T18:12:41 IST" name="setup" finished-at="2020-07-01T18:13:11 IST" duration-ms="30582" status="PASS">
          <reporter-output>
          </reporter-output>
        </test-method> <!-- setup -->
        <test-method signature="loginPageTitleTest()[pri:1, instance:com.beta.qa.testcases.LoginPageTest@47542153]" started-at="2020-07-01T18:13:11 IST" name="loginPageTitleTest" finished-at="2020-07-01T18:13:11 IST" duration-ms="37" status="PASS">
          <reporter-output>
          </reporter-output>
        </test-method> <!-- loginPageTitleTest -->
        <test-method is-config="true" signature="tearDown()[pri:0, instance:com.beta.qa.testcases.LoginPageTest@47542153]" started-at="2020-07-01T18:13:11 IST" name="tearDown" finished-at="2020-07-01T18:13:12 IST" duration-ms="693" status="PASS">
          <reporter-output>
          </reporter-output>
        </test-method> <!-- tearDown -->
        <test-method is-config="true" signature="setup()[pri:0, instance:com.beta.qa.testcases.LoginPageTest@47542153]" started-at="2020-07-01T18:13:12 IST" name="setup" finished-at="2020-07-01T18:13:35 IST" duration-ms="23124" status="PASS">
          <reporter-output>
          </reporter-output>
        </test-method> <!-- setup -->
        <test-method signature="NominusLogoTest()[pri:2, instance:com.beta.qa.testcases.LoginPageTest@47542153]" started-at="2020-07-01T18:13:35 IST" name="NominusLogoTest" finished-at="2020-07-01T18:13:35 IST" duration-ms="112" status="PASS">
          <reporter-output>
          </reporter-output>
        </test-method> <!-- NominusLogoTest -->
        <test-method is-config="true" signature="tearDown()[pri:0, instance:com.beta.qa.testcases.LoginPageTest@47542153]" started-at="2020-07-01T18:13:35 IST" name="tearDown" finished-at="2020-07-01T18:13:36 IST" duration-ms="678" status="PASS">
          <reporter-output>
          </reporter-output>
        </test-method> <!-- tearDown -->
        <test-method is-config="true" signature="setup()[pri:0, instance:com.beta.qa.testcases.LoginPageTest@47542153]" started-at="2020-07-01T18:13:36 IST" name="setup" finished-at="2020-07-01T18:13:51 IST" duration-ms="15062" status="PASS">
          <reporter-output>
          </reporter-output>
        </test-method> <!-- setup -->
        <test-method signature="loginTest()[pri:3, instance:com.beta.qa.testcases.LoginPageTest@47542153]" started-at="2020-07-01T18:13:51 IST" name="loginTest" finished-at="2020-07-01T18:14:00 IST" duration-ms="9002" status="PASS">
          <reporter-output>
          </reporter-output>
        </test-method> <!-- loginTest -->
        <test-method is-config="true" signature="tearDown()[pri:0, instance:com.beta.qa.testcases.LoginPageTest@47542153]" started-at="2020-07-01T18:14:00 IST" name="tearDown" finished-at="2020-07-01T18:14:01 IST" duration-ms="694" status="PASS">
          <reporter-output>
          </reporter-output>
        </test-method> <!-- tearDown -->
      </class> <!-- com.beta.qa.testcases.LoginPageTest -->
    </test> <!-- Default test -->
  </suite> <!-- Default suite -->
</testng-results>
